{
  "RSpec": {
    "coverage": {
      "/app/app/channels/application_cable/channel.rb": {
        "lines": [
          1,
          1,
          null,
          null
        ]
      },
      "/app/app/channels/application_cable/connection.rb": {
        "lines": [
          1,
          1,
          null,
          null
        ]
      },
      "/app/app/jobs/warmup_job.rb": {
        "lines": [
          1,
          1,
          null,
          1,
          2,
          null,
          null
        ]
      },
      "/app/app/services/warmup_service.rb": {
        "lines": [
          1,
          1,
          10,
          10,
          null,
          null
        ]
      },
      "/app/app/models/city_and_town.rb": {
        "lines": [
          1,
          1,
          1,
          1,
          null
        ]
      },
      "/app/app/models/application_record.rb": {
        "lines": [
          1,
          1,
          null
        ]
      },
      "/app/app/services/hotel_import_service.rb": {
        "lines": [
          1,
          1,
          null,
          1,
          1,
          10,
          null,
          null,
          1,
          10,
          null,
          null,
          1,
          10,
          null,
          10,
          10,
          10,
          null,
          null,
          1,
          null,
          1,
          10,
          10,
          null,
          10,
          100,
          100,
          null,
          null,
          null,
          10,
          10,
          null,
          null,
          1,
          100,
          100,
          null,
          100,
          null,
          100,
          null,
          750,
          null,
          null,
          null,
          null,
          null,
          null,
          null,
          100,
          100,
          null,
          null,
          null
        ]
      },
      "/app/app/models/hotel.rb": {
        "lines": [
          1,
          1,
          1,
          5,
          null
        ]
      },
      "/app/app/controllers/search_controller.rb": {
        "lines": [
          1,
          null,
          1,
          4,
          null,
          null,
          null
        ]
      },
      "/app/app/controllers/application_controller.rb": {
        "lines": [
          1,
          null
        ]
      },
      "/app/app/services/hotel_search_service.rb": {
        "lines": [
          1,
          1,
          4,
          null,
          null,
          1,
          4,
          4,
          null,
          null,
          1,
          4,
          null,
          4,
          2,
          null,
          null,
          4,
          4,
          null,
          null,
          4,
          null,
          9,
          null,
          null,
          null,
          null,
          null,
          null,
          null,
          null,
          null
        ]
      }
    },
    "timestamp": 1768324608
  }
}
